2019-03-27 11:57:35,665[yyyy-MM-dd HH:mm:ss] - 0 - [main] ERROR com.capgemini.bankapp.model.BankAccount  - com.capgemini.bankapp.exception.LowBalanceException: You don't have sufficient fund
2019-03-27 11:57:35,671[yyyy-MM-dd HH:mm:ss] - 6 - [main] ERROR com.capgemini.bankapp.model.BankAccount  - Exception :
com.capgemini.bankapp.exception.LowBalanceException: You don't have sufficient fund
	at com.capgemini.bankapp.service.impl.BankAccountServiceImpl.withdraw(BankAccountServiceImpl.java:33)
	at com.capgemini.bankapp.client.BankAccountClient.main(BankAccountClient.java:64)
2019-03-27 11:59:05,500[yyyy-MM-dd HH:mm:ss] - 0 - [main] ERROR com.capgemini.bankapp.model.BankAccount  - com.capgemini.bankapp.exception.LowBalanceException: You don't have sufficient fund
2019-03-27 11:59:05,503[yyyy-MM-dd HH:mm:ss] - 3 - [main] ERROR com.capgemini.bankapp.model.BankAccount  - Exception :
com.capgemini.bankapp.exception.LowBalanceException: You don't have sufficient fund
	at com.capgemini.bankapp.service.impl.BankAccountServiceImpl.withdraw(BankAccountServiceImpl.java:33)
	at com.capgemini.bankapp.client.BankAccountClient.main(BankAccountClient.java:64)
2019-03-27 12:00:26,993[yyyy-MM-dd HH:mm:ss] - 0 - [main] ERROR com.capgemini.bankapp.model.BankAccount  - com.capgemini.bankapp.exception.LowBalanceException: You don't have sufficient fund
2019-03-27 12:00:26,996[yyyy-MM-dd HH:mm:ss] - 3 - [main] ERROR com.capgemini.bankapp.model.BankAccount  - Exception :
com.capgemini.bankapp.exception.LowBalanceException: You don't have sufficient fund
	at com.capgemini.bankapp.service.impl.BankAccountServiceImpl.withdraw(BankAccountServiceImpl.java:33)
	at com.capgemini.bankapp.client.BankAccountClient.main(BankAccountClient.java:65)
2019-03-27 12:03:09,860[yyyy-MM-dd HH:mm:ss] - 0 - [main] ERROR com.capgemini.bankapp.model.BankAccount  - com.capgemini.bankapp.exception.LowBalanceException: You don't have sufficient fund
2019-03-27 12:03:09,861[yyyy-MM-dd HH:mm:ss] - 1 - [main] ERROR com.capgemini.bankapp.model.BankAccount  - Exception :
com.capgemini.bankapp.exception.LowBalanceException: You don't have sufficient fund
	at com.capgemini.bankapp.service.impl.BankAccountServiceImpl.withdraw(BankAccountServiceImpl.java:33)
	at com.capgemini.bankapp.client.BankAccountClient.main(BankAccountClient.java:65)
2019-03-27 12:10:54,991[yyyy-MM-dd HH:mm:ss] - 0 - [main] ERROR com.capgemini.bankapp.client.BankAccountClient  - com.capgemini.bankapp.exception.LowBalanceException: You don't have sufficient fund
2019-03-27 12:10:54,993[yyyy-MM-dd HH:mm:ss] - 2 - [main] ERROR com.capgemini.bankapp.client.BankAccountClient  - Exception :
com.capgemini.bankapp.exception.LowBalanceException: You don't have sufficient fund
	at com.capgemini.bankapp.service.impl.BankAccountServiceImpl.withdraw(BankAccountServiceImpl.java:33)
	at com.capgemini.bankapp.client.BankAccountClient.main(BankAccountClient.java:65)
2019-03-28 11:57:07,580[yyyy-MM-dd HH:mm:ss]-2 - [main] ERROR com.capgemini.bankapp.service.impl.BankAccountServiceImpl  - Exception 
com.capgemini.bankapp.exception.BankAccountNotFoundException: BankAccount not found
	at com.capgemini.bankapp.service.impl.BankAccountServiceImpl.deposit(BankAccountServiceImpl.java:65)
	at com.capgemini.bankapp.service.impl.BankAccountServiceImpl.fundTransfer(BankAccountServiceImpl.java:99)
	at com.capgemini.bankapp.client.BankAccountClient.main(BankAccountClient.java:90)
2019-03-28 18:16:39,115[yyyy-MM-dd HH:mm:ss]-1 - [main] ERROR com.capgemini.bankapp.service.impl.BankAccountServiceImpl  - Exception 
com.capgemini.bankapp.exception.BankAccountNotFoundException: BankAccount not found
	at com.capgemini.bankapp.service.impl.BankAccountServiceImpl.deposit(BankAccountServiceImpl.java:65)
	at com.capgemini.bankapp.service.impl.BankAccountServiceImpl.fundTransfer(BankAccountServiceImpl.java:99)
	at com.capgemini.bankapp.client.BankAccountClient.main(BankAccountClient.java:90)
2019-03-28 18:39:30,928[yyyy-MM-dd HH:mm:ss]-0 - [main] ERROR com.capgemini.bankapp.service.impl.BankAccountServiceImpl  - Exception 
com.capgemini.bankapp.exception.BankAccountNotFoundException: BankAccount not found
	at com.capgemini.bankapp.service.impl.BankAccountServiceImpl.deposit(BankAccountServiceImpl.java:65)
	at com.capgemini.bankapp.service.impl.BankAccountServiceImpl.fundTransfer(BankAccountServiceImpl.java:99)
	at com.capgemini.bankapp.client.BankAccountClient.main(BankAccountClient.java:91)
2019-03-28 18:39:30,936[yyyy-MM-dd HH:mm:ss]-8 - [main] ERROR com.capgemini.bankapp.client.BankAccountClient  - Exception 
com.capgemini.bankapp.exception.BankAccountNotFoundException: BankAccount not found
	at com.capgemini.bankapp.service.impl.BankAccountServiceImpl.deposit(BankAccountServiceImpl.java:65)
	at com.capgemini.bankapp.service.impl.BankAccountServiceImpl.fundTransfer(BankAccountServiceImpl.java:99)
	at com.capgemini.bankapp.client.BankAccountClient.main(BankAccountClient.java:91)
2019-03-28 18:40:27,004[yyyy-MM-dd HH:mm:ss]-1 - [main] ERROR com.capgemini.bankapp.service.impl.BankAccountServiceImpl  - Exception 
com.capgemini.bankapp.exception.BankAccountNotFoundException: BankAccount not found
	at com.capgemini.bankapp.service.impl.BankAccountServiceImpl.deposit(BankAccountServiceImpl.java:65)
	at com.capgemini.bankapp.service.impl.BankAccountServiceImpl.fundTransfer(BankAccountServiceImpl.java:99)
	at com.capgemini.bankapp.client.BankAccountClient.main(BankAccountClient.java:92)
2019-03-28 18:40:27,010[yyyy-MM-dd HH:mm:ss]-7 - [main] ERROR com.capgemini.bankapp.client.BankAccountClient  - Exception 
com.capgemini.bankapp.exception.BankAccountNotFoundException: BankAccount not found
	at com.capgemini.bankapp.service.impl.BankAccountServiceImpl.deposit(BankAccountServiceImpl.java:65)
	at com.capgemini.bankapp.service.impl.BankAccountServiceImpl.fundTransfer(BankAccountServiceImpl.java:99)
	at com.capgemini.bankapp.client.BankAccountClient.main(BankAccountClient.java:92)
2019-03-28 18:46:16,898[yyyy-MM-dd HH:mm:ss]-1 - [main] ERROR com.capgemini.bankapp.service.impl.BankAccountServiceImpl  - Exception 
com.capgemini.bankapp.exception.BankAccountNotFoundException: BankAccount not found
	at com.capgemini.bankapp.service.impl.BankAccountServiceImpl.deposit(BankAccountServiceImpl.java:65)
	at com.capgemini.bankapp.service.impl.BankAccountServiceImpl.fundTransfer(BankAccountServiceImpl.java:99)
	at com.capgemini.bankapp.client.BankAccountClient.main(BankAccountClient.java:92)
2019-03-28 18:46:16,910[yyyy-MM-dd HH:mm:ss]-13 - [main] ERROR com.capgemini.bankapp.client.BankAccountClient  - Exception 
com.capgemini.bankapp.exception.BankAccountNotFoundException: BankAccount not found
	at com.capgemini.bankapp.service.impl.BankAccountServiceImpl.deposit(BankAccountServiceImpl.java:65)
	at com.capgemini.bankapp.service.impl.BankAccountServiceImpl.fundTransfer(BankAccountServiceImpl.java:99)
	at com.capgemini.bankapp.client.BankAccountClient.main(BankAccountClient.java:92)
2019-03-28 18:54:12,993[yyyy-MM-dd HH:mm:ss]-1 - [main] ERROR com.capgemini.bankapp.service.impl.BankAccountServiceImpl  - Exception 
com.capgemini.bankapp.exception.BankAccountNotFoundException: BankAccount not found
	at com.capgemini.bankapp.service.impl.BankAccountServiceImpl.deposit(BankAccountServiceImpl.java:65)
	at com.capgemini.bankapp.service.impl.BankAccountServiceImpl.fundTransfer(BankAccountServiceImpl.java:99)
	at com.capgemini.bankapp.client.BankAccountClient.main(BankAccountClient.java:92)
2019-03-28 18:54:13,000[yyyy-MM-dd HH:mm:ss]-8 - [main] ERROR com.capgemini.bankapp.client.BankAccountClient  - Exception 
com.capgemini.bankapp.exception.BankAccountNotFoundException: BankAccount not found
	at com.capgemini.bankapp.service.impl.BankAccountServiceImpl.deposit(BankAccountServiceImpl.java:65)
	at com.capgemini.bankapp.service.impl.BankAccountServiceImpl.fundTransfer(BankAccountServiceImpl.java:99)
	at com.capgemini.bankapp.client.BankAccountClient.main(BankAccountClient.java:92)
2019-03-28 19:08:12,204[yyyy-MM-dd HH:mm:ss]-2 - [main] ERROR com.capgemini.bankapp.service.impl.BankAccountServiceImpl  - Exception 
com.capgemini.bankapp.exception.BankAccountNotFoundException: BankAccount not found
	at com.capgemini.bankapp.service.impl.BankAccountServiceImpl.deposit(BankAccountServiceImpl.java:65)
	at com.capgemini.bankapp.service.impl.BankAccountServiceImpl.fundTransfer(BankAccountServiceImpl.java:99)
	at com.capgemini.bankapp.client.BankAccountClient.main(BankAccountClient.java:92)
2019-03-28 19:08:12,213[yyyy-MM-dd HH:mm:ss]-11 - [main] ERROR com.capgemini.bankapp.client.BankAccountClient  - Exception 
com.capgemini.bankapp.exception.BankAccountNotFoundException: BankAccount not found
	at com.capgemini.bankapp.service.impl.BankAccountServiceImpl.deposit(BankAccountServiceImpl.java:65)
	at com.capgemini.bankapp.service.impl.BankAccountServiceImpl.fundTransfer(BankAccountServiceImpl.java:99)
	at com.capgemini.bankapp.client.BankAccountClient.main(BankAccountClient.java:92)
2019-03-28 19:08:40,479[yyyy-MM-dd HH:mm:ss]-28277 - [main] ERROR com.capgemini.bankapp.service.impl.BankAccountServiceImpl  - Exception 
com.capgemini.bankapp.exception.BankAccountNotFoundException: BankAccount not found
	at com.capgemini.bankapp.service.impl.BankAccountServiceImpl.deposit(BankAccountServiceImpl.java:65)
	at com.capgemini.bankapp.service.impl.BankAccountServiceImpl.fundTransfer(BankAccountServiceImpl.java:99)
	at com.capgemini.bankapp.client.BankAccountClient.main(BankAccountClient.java:92)
2019-03-28 19:08:40,484[yyyy-MM-dd HH:mm:ss]-28282 - [main] ERROR com.capgemini.bankapp.client.BankAccountClient  - Exception 
com.capgemini.bankapp.exception.BankAccountNotFoundException: BankAccount not found
	at com.capgemini.bankapp.service.impl.BankAccountServiceImpl.deposit(BankAccountServiceImpl.java:65)
	at com.capgemini.bankapp.service.impl.BankAccountServiceImpl.fundTransfer(BankAccountServiceImpl.java:99)
	at com.capgemini.bankapp.client.BankAccountClient.main(BankAccountClient.java:92)
